<?xml version="1.0" encoding="UTF-8"?>
<!-- Generated by org.testng.reporters.JUnitReportReporter -->
<testsuite hostname="Poorani" failures="0" tests="1" name="worktypegroups.SortOrderByName" time="11.897" errors="0" timestamp="2023-08-27T18:12:25 IST" skipped="0">
  <testcase classname="worktypegroups.SortOrderByName" name="checkSorting" time="11.897"/>
  <system-out/>
</testsuite> <!-- worktypegroups.SortOrderByName -->
