<?xml version="1.0" encoding="UTF-8"?>
<!-- Generated by org.testng.reporters.JUnitReportReporter -->
<testsuite hostname="Poorani" failures="0" tests="1" name="worktypegroups.SortOrderByName" time="15.469" errors="0" timestamp="2023-08-28T07:24:12 IST" skipped="0">
  <testcase classname="worktypegroups.SortOrderByName" name="checkSorting" time="15.469"/>
  <system-out/>
</testsuite> <!-- worktypegroups.SortOrderByName -->
