<?xml version="1.0" encoding="UTF-8"?>
<!-- Generated by org.testng.reporters.JUnitReportReporter -->
<testsuite hostname="Poorani" failures="0" tests="1" name="worktypegroups.WorkTypeWithoutMandatoryFields" time="19.439" errors="0" timestamp="2023-08-28T07:24:12 IST" skipped="0">
  <testcase classname="worktypegroups.WorkTypeWithoutMandatoryFields" name="withoutMandatoryFields" time="19.439"/>
  <system-out/>
</testsuite> <!-- worktypegroups.WorkTypeWithoutMandatoryFields -->
