<?xml version="1.0" encoding="UTF-8"?>
<!-- Generated by org.testng.reporters.JUnitReportReporter -->
<testsuite hostname="Poorani" failures="0" tests="1" name="worktypegroups.CreateWorkTypeGroup" time="17.457" errors="0" timestamp="2023-08-27T17:59:06 IST" skipped="0">
  <testcase classname="worktypegroups.CreateWorkTypeGroup" name="workTypeGroupCreation" time="17.457"/>
  <system-out/>
</testsuite> <!-- worktypegroups.CreateWorkTypeGroup -->
